Flow report for UltranetReceiver
Tue Jun 18 11:31:27 2024
Quartus Prime Version 23.1std.1 Build 993 05/14/2024 SC Lite Edition


---------------------
; Table of Contents ;
---------------------
  1. Legal Notice
  2. Flow Summary
  3. Flow Settings
  4. Flow Non-Default Global Settings
  5. Flow Elapsed Time
  6. Flow OS Summary
  7. Flow Log
  8. Flow Messages
  9. Flow Suppressed Messages



----------------
; Legal Notice ;
----------------
Copyright (C) 2024  Intel Corporation. All rights reserved.
Your use of Intel Corporation's design tools, logic functions 
and other software and tools, and any partner logic 
functions, and any output files from any of the foregoing 
(including device programming or simulation files), and any 
associated documentation or information are expressly subject 
to the terms and conditions of the Intel Program License 
Subscription Agreement, the Intel Quartus Prime License Agreement,
the Intel FPGA IP License Agreement, or other applicable license
agreement, including, without limitation, that your use is for
the sole purpose of programming logic devices manufactured by
Intel and sold by Intel or its authorized distributors.  Please
refer to the applicable agreement for further details, at
https://fpgasoftware.intel.com/eula.



+-------------------------------------------------------------------------------------+
; Flow Summary                                                                        ;
+------------------------------------+------------------------------------------------+
; Flow Status                        ; Successful - Tue Jun 18 11:31:23 2024          ;
; Quartus Prime Version              ; 23.1std.1 Build 993 05/14/2024 SC Lite Edition ;
; Revision Name                      ; UltranetReceiver                               ;
; Top-level Entity Name              ; UltranetReceiver                               ;
; Family                             ; Cyclone 10 LP                                  ;
; Device                             ; 10CL016YU256C8G                                ;
; Timing Models                      ; Final                                          ;
; Total logic elements               ; 4,725 / 15,408 ( 31 % )                        ;
;     Total combinational functions  ; 4,540 / 15,408 ( 29 % )                        ;
;     Dedicated logic registers      ; 1,205 / 15,408 ( 8 % )                         ;
; Total registers                    ; 1205                                           ;
; Total pins                         ; 17 / 163 ( 10 % )                              ;
; Total virtual pins                 ; 0                                              ;
; Total memory bits                  ; 0 / 516,096 ( 0 % )                            ;
; Embedded Multiplier 9-bit elements ; 112 / 112 ( 100 % )                            ;
; Total PLLs                         ; 2 / 4 ( 50 % )                                 ;
+------------------------------------+------------------------------------------------+


+-----------------------------------------+
; Flow Settings                           ;
+-------------------+---------------------+
; Option            ; Setting             ;
+-------------------+---------------------+
; Start date & time ; 06/18/2024 11:30:28 ;
; Main task         ; Compilation         ;
; Revision Name     ; UltranetReceiver    ;
+-------------------+---------------------+


+---------------------------------------------------------------------------------------------------------------------------------------------------------------------------------------+
; Flow Non-Default Global Settings                                                                                                                                                      ;
+--------------------------------------+-----------------------------------------------------------------------------------------------------+---------------+-------------+------------+
; Assignment Name                      ; Value                                                                                               ; Default Value ; Entity Name ; Section Id ;
+--------------------------------------+-----------------------------------------------------------------------------------------------------+---------------+-------------+------------+
; CLOUD_NOTIFY_GROUP_ID                ; dse1                                                                                                ; --            ; --          ; --         ;
; COMPILER_SIGNATURE_ID                ; 43983401491821.171870302828224                                                                      ; --            ; --          ; --         ;
; DSE_SEND_REPORT_PANEL                ; ^Timing Analyzer/(Slow|Fast)\s.*Model/(Slow|Fast)\s.*Model\sFmax\sSummary$                          ; --            ; --          ; --         ;
; DSE_SEND_REPORT_PANEL                ; Flow Elapsed Time                                                                                   ; --            ; --          ; --         ;
; DSE_SEND_REPORT_PANEL                ; ^Timing Analyzer/Clocks$                                                                            ; --            ; --          ; --         ;
; DSE_SEND_REPORT_PANEL                ; Fitter/(Resource Section|Place Stage)/Fitter Resource Usage Summary                                 ; --            ; --          ; --         ;
; DSE_SEND_REPORT_PANEL                ; ^Timing Analyzer/(Slow|Fast)\s.*Model/(Slow|Fast)\s.*Model\s(Setup|Hold|Recovery|Removal)\sSummary$ ; --            ; --          ; --         ;
; DSE_SERVER_SEND_REPORTS              ; On                                                                                                  ; --            ; --          ; --         ;
; DSE_SERVER_URL                       ; http://localhost:62256                                                                              ; --            ; --          ; --         ;
; DSE_WORKER_ID                        ; 0                                                                                                   ; --            ; --          ; --         ;
; ENABLE_SIGNALTAP                     ; Off                                                                                                 ; --            ; --          ; --         ;
; FITTER_EFFORT                        ; Standard Fit                                                                                        ; Auto Fit      ; --          ; --         ;
; IGNORE_PARTITIONS                    ; On                                                                                                  ; Off           ; --          ; --         ;
; MAX_CORE_JUNCTION_TEMP               ; 85                                                                                                  ; --            ; --          ; --         ;
; MIN_CORE_JUNCTION_TEMP               ; 0                                                                                                   ; --            ; --          ; --         ;
; MISC_FILE                            ; pll_2.bsf                                                                                           ; --            ; --          ; --         ;
; MISC_FILE                            ; pll_2.cmp                                                                                           ; --            ; --          ; --         ;
; MISC_FILE                            ; pll_2.ppf                                                                                           ; --            ; --          ; --         ;
; MUX_RESTRUCTURE                      ; Off                                                                                                 ; Auto          ; --          ; --         ;
; NOMINAL_CORE_SUPPLY_VOLTAGE          ; 1.2V                                                                                                ; --            ; --          ; --         ;
; OPTIMIZATION_MODE                    ; Aggressive Performance                                                                              ; Balanced      ; --          ; --         ;
; OUTPUT_IO_TIMING_FAR_END_VMEAS       ; Half Signal Swing                                                                                   ; --            ; --          ; --         ;
; OUTPUT_IO_TIMING_FAR_END_VMEAS       ; Half Signal Swing                                                                                   ; --            ; --          ; --         ;
; OUTPUT_IO_TIMING_NEAR_END_VMEAS      ; Half Vccio                                                                                          ; --            ; --          ; --         ;
; OUTPUT_IO_TIMING_NEAR_END_VMEAS      ; Half Vccio                                                                                          ; --            ; --          ; --         ;
; PARTITION_COLOR                      ; -- (Not supported for targeted family)                                                              ; --            ; --          ; Top        ;
; PARTITION_FITTER_PRESERVATION_LEVEL  ; -- (Not supported for targeted family)                                                              ; --            ; --          ; Top        ;
; PARTITION_NETLIST_TYPE               ; -- (Not supported for targeted family)                                                              ; --            ; --          ; Top        ;
; PHYSICAL_SYNTHESIS_COMBO_LOGIC       ; On                                                                                                  ; Off           ; --          ; --         ;
; PHYSICAL_SYNTHESIS_REGISTER_RETIMING ; On                                                                                                  ; Off           ; --          ; --         ;
; PLACEMENT_EFFORT_MULTIPLIER          ; 4.0                                                                                                 ; 1.0           ; --          ; --         ;
; POWER_BOARD_THERMAL_MODEL            ; None (CONSERVATIVE)                                                                                 ; --            ; --          ; --         ;
; POWER_DEFAULT_INPUT_IO_TOGGLE_RATE   ; 100%                                                                                                ; 12.5%         ; --          ; --         ;
; POWER_PRESET_COOLING_SOLUTION        ; 23 MM HEAT SINK WITH 200 LFPM AIRFLOW                                                               ; --            ; --          ; --         ;
; PROJECT_OUTPUT_DIRECTORY             ; output_files                                                                                        ; --            ; --          ; --         ;
; ROUTER_TIMING_OPTIMIZATION_LEVEL     ; MAXIMUM                                                                                             ; Normal        ; --          ; --         ;
; VHDL_INPUT_VERSION                   ; VHDL_2008                                                                                           ; VHDL_1993     ; --          ; --         ;
; VHDL_SHOW_LMF_MAPPING_MESSAGES       ; Off                                                                                                 ; --            ; --          ; --         ;
+--------------------------------------+-----------------------------------------------------------------------------------------------------+---------------+-------------+------------+


+--------------------------------------------------------------------------------------------------------------------------+
; Flow Elapsed Time                                                                                                        ;
+----------------------+--------------+-------------------------+---------------------+------------------------------------+
; Module Name          ; Elapsed Time ; Average Processors Used ; Peak Virtual Memory ; Total CPU Time (on all processors) ;
+----------------------+--------------+-------------------------+---------------------+------------------------------------+
; Analysis & Synthesis ; 00:00:18     ; 1.1                     ; 5026 MB             ; 00:00:11                           ;
; Fitter               ; 00:00:31     ; 1.6                     ; 6431 MB             ; 00:00:18                           ;
; Assembler            ; 00:00:03     ; 1.0                     ; 4728 MB             ; 00:00:01                           ;
; Timing Analyzer      ; 00:00:03     ; 2.1                     ; 4953 MB             ; 00:00:01                           ;
; Total                ; 00:00:55     ; --                      ; --                  ; 00:00:31                           ;
+----------------------+--------------+-------------------------+---------------------+------------------------------------+


+------------------------------------------------------------------------------------+
; Flow OS Summary                                                                    ;
+----------------------+------------------+------------+------------+----------------+
; Module Name          ; Machine Hostname ; OS Name    ; OS Version ; Processor type ;
+----------------------+------------------+------------+------------+----------------+
; Analysis & Synthesis ; GL1R224          ; Windows 10 ; 10.0       ; x86_64         ;
; Fitter               ; GL1R224          ; Windows 10 ; 10.0       ; x86_64         ;
; Assembler            ; GL1R224          ; Windows 10 ; 10.0       ; x86_64         ;
; Timing Analyzer      ; GL1R224          ; Windows 10 ; 10.0       ; x86_64         ;
+----------------------+------------------+------------+------------+----------------+


------------
; Flow Log ;
------------
quartus_map --read_settings_files=off --write_settings_files=off UltranetReceiver -c UltranetReceiver
quartus_fit --read_settings_files=off --write_settings_files=off UltranetReceiver -c UltranetReceiver
quartus_asm --read_settings_files=off --write_settings_files=off UltranetReceiver -c UltranetReceiver
quartus_sta UltranetReceiver -c UltranetReceiver



